# JRE version: Java(TM) SE Runtime Environment (8.0-b132) (build 1.8.0-b132)
# Java VM: Java HotSpot(TM) 64-Bit Server VM (25.0-b70 mixed mode windows-amd64 compressed oops)
Heap:
 PSYoungGen      total 15872K, used 4173K [0x00000000eab00000, 0x00000000ebe80000, 0x0000000100000000)
  eden space 11776K, 34% used [0x00000000eab00000,0x00000000eaeeb5e8,0x00000000eb680000)
  from space 4096K, 3% used [0x00000000eb680000,0x00000000eb6a8000,0x00000000eba80000)
  to   space 3584K, 0% used [0x00000000ebb00000,0x00000000ebb00000,0x00000000ebe80000)
 ParOldGen       total 260608K, used 32870K [0x00000000c0000000, 0x00000000cfe80000, 0x00000000eab00000)
  object space 260608K, 12% used [0x00000000c0000000,0x00000000c2019a98,0x00000000cfe80000)
 Metaspace       used 7068K, capacity 7614K, committed 7680K, reserved 1056768K
  class space    used 731K, capacity 753K, committed 768K, reserved 1048576K
GC Heap History (10 events):
Event: 2.859 GC heap before
{Heap before GC invocations=10 (full 0):
 PSYoungGen      total 10240K, used 10083K [0x00000000eab00000, 0x00000000ebe80000, 0x0000000100000000)
  eden space 7168K, 98% used [0x00000000eab00000,0x00000000eb1def80,0x00000000eb200000)
  from space 3072K, 99% used [0x00000000eb200000,0x00000000eb4f9cd0,0x00000000eb500000)
  to   space 4096K, 0% used [0x00000000eba80000,0x00000000eba80000,0x00000000ebe80000)
 ParOldGen       total 260608K, used 4031K [0x00000000c0000000, 0x00000000cfe80000, 0x00000000eab00000)
  object space 260608K, 1% used [0x00000000c0000000,0x00000000c03efea8,0x00000000cfe80000)
 Metaspace       used 5538K, capacity 6768K, committed 7040K, reserved 1056768K
  class space    used 573K, capacity 616K, committed 640K, reserved 1048576K
Event: 2.873 GC heap after
Heap after GC invocations=10 (full 0):
 PSYoungGen      total 11264K, used 3639K [0x00000000eab00000, 0x00000000ebe80000, 0x0000000100000000)
  eden space 7168K, 0% used [0x00000000eab00000,0x00000000eab00000,0x00000000eb200000)
  from space 4096K, 88% used [0x00000000eba80000,0x00000000ebe0dff8,0x00000000ebe80000)
  to   space 3072K, 0% used [0x00000000eb200000,0x00000000eb200000,0x00000000eb500000)
 ParOldGen       total 260608K, used 5700K [0x00000000c0000000, 0x00000000cfe80000, 0x00000000eab00000)
  object space 260608K, 2% used [0x00000000c0000000,0x00000000c05913c0,0x00000000cfe80000)
 Metaspace       used 5538K, capacity 6768K, committed 7040K, reserved 1056768K
  class space    used 573K, capacity 616K, committed 640K, reserved 1048576K
}
Event: 3.638 GC heap before
{Heap before GC invocations=11 (full 0):
 PSYoungGen      total 11264K, used 10807K [0x00000000eab00000, 0x00000000ebe80000, 0x0000000100000000)
  eden space 7168K, 100% used [0x00000000eab00000,0x00000000eb200000,0x00000000eb200000)
  from space 4096K, 88% used [0x00000000eba80000,0x00000000ebe0dff8,0x00000000ebe80000)
  to   space 3072K, 0% used [0x00000000eb200000,0x00000000eb200000,0x00000000eb500000)
 ParOldGen       total 260608K, used 5700K [0x00000000c0000000, 0x00000000cfe80000, 0x00000000eab00000)
  object space 260608K, 2% used [0x00000000c0000000,0x00000000c05913c0,0x00000000cfe80000)
 Metaspace       used 6330K, capacity 7224K, committed 7424K, reserved 1056768K
  class space    used 651K, capacity 688K, committed 768K, reserved 1048576K
Event: 3.650 GC heap after
Heap after GC invocations=11 (full 0):
 PSYoungGen      total 10240K, used 2391K [0x00000000eab00000, 0x00000000ebf80000, 0x0000000100000000)
  eden space 7168K, 0% used [0x00000000eab00000,0x00000000eab00000,0x00000000eb200000)
  from space 3072K, 77% used [0x00000000eb200000,0x00000000eb455ed8,0x00000000eb500000)
  to   space 4608K, 0% used [0x00000000ebb00000,0x00000000ebb00000,0x00000000ebf80000)
 ParOldGen       total 260608K, used 8609K [0x00000000c0000000, 0x00000000cfe80000, 0x00000000eab00000)
  object space 260608K, 3% used [0x00000000c0000000,0x00000000c0868780,0x00000000cfe80000)
 Metaspace       used 6330K, capacity 7224K, committed 7424K, reserved 1056768K
  class space    used 651K, capacity 688K, committed 768K, reserved 1048576K
}
Event: 4.095 GC heap before
{Heap before GC invocations=12 (full 0):
 PSYoungGen      total 10240K, used 9559K [0x00000000eab00000, 0x00000000ebf80000, 0x0000000100000000)
  eden space 7168K, 100% used [0x00000000eab00000,0x00000000eb200000,0x00000000eb200000)
  from space 3072K, 77% used [0x00000000eb200000,0x00000000eb455ed8,0x00000000eb500000)
  to   space 4608K, 0% used [0x00000000ebb00000,0x00000000ebb00000,0x00000000ebf80000)
 ParOldGen       total 260608K, used 8609K [0x00000000c0000000, 0x00000000cfe80000, 0x00000000eab00000)
  object space 260608K, 3% used [0x00000000c0000000,0x00000000c0868780,0x00000000cfe80000)
 Metaspace       used 6906K, capacity 7608K, committed 7680K, reserved 1056768K
  class space    used 721K, capacity 752K, committed 768K, reserved 1048576K
Event: 4.104 GC heap after
Heap after GC invocations=12 (full 0):
 PSYoungGen      total 15360K, used 1582K [0x00000000eab00000, 0x00000000ebe80000, 0x0000000100000000)
  eden space 11776K, 0% used [0x00000000eab00000,0x00000000eab00000,0x00000000eb680000)
  from space 3584K, 44% used [0x00000000ebb00000,0x00000000ebc8b818,0x00000000ebe80000)
  to   space 4096K, 0% used [0x00000000eb680000,0x00000000eb680000,0x00000000eba80000)
 ParOldGen       total 260608K, used 10349K [0x00000000c0000000, 0x00000000cfe80000, 0x00000000eab00000)
  object space 260608K, 3% used [0x00000000c0000000,0x00000000c0a1b440,0x00000000cfe80000)
 Metaspace       used 6906K, capacity 7608K, committed 7680K, reserved 1056768K
  class space    used 721K, capacity 752K, committed 768K, reserved 1048576K
}
Event: 4.312 GC heap before
{Heap before GC invocations=13 (full 0):
 PSYoungGen      total 15360K, used 13358K [0x00000000eab00000, 0x00000000ebe80000, 0x0000000100000000)
  eden space 11776K, 100% used [0x00000000eab00000,0x00000000eb680000,0x00000000eb680000)
  from space 3584K, 44% used [0x00000000ebb00000,0x00000000ebc8b818,0x00000000ebe80000)
  to   space 4096K, 0% used [0x00000000eb680000,0x00000000eb680000,0x00000000eba80000)
 ParOldGen       total 260608K, used 10349K [0x00000000c0000000, 0x00000000cfe80000, 0x00000000eab00000)
  object space 260608K, 3% used [0x00000000c0000000,0x00000000c0a1b440,0x00000000cfe80000)
 Metaspace       used 6950K, capacity 7608K, committed 7680K, reserved 1056768K
  class space    used 722K, capacity 752K, committed 768K, reserved 1048576K
Event: 4.314 GC heap after
Heap after GC invocations=13 (full 0):
 PSYoungGen      total 15872K, used 748K [0x00000000eab00000, 0x00000000ebe80000, 0x0000000100000000)
  eden space 11776K, 0% used [0x00000000eab00000,0x00000000eab00000,0x00000000eb680000)
  from space 4096K, 18% used [0x00000000eb680000,0x00000000eb73b1e0,0x00000000eba80000)
  to   space 3584K, 0% used [0x00000000ebb00000,0x00000000ebb00000,0x00000000ebe80000)
 ParOldGen       total 260608K, used 10677K [0x00000000c0000000, 0x00000000cfe80000, 0x00000000eab00000)
  object space 260608K, 4% used [0x00000000c0000000,0x00000000c0a6d458,0x00000000cfe80000)
 Metaspace       used 6950K, capacity 7608K, committed 7680K, reserved 1056768K
  class space    used 722K, capacity 752K, committed 768K, reserved 1048576K
}
Event: 4.472 GC heap before
{Heap before GC invocations=14 (full 0):
 PSYoungGen      total 15872K, used 12524K [0x00000000eab00000, 0x00000000ebe80000, 0x0000000100000000)
  eden space 11776K, 100% used [0x00000000eab00000,0x00000000eb680000,0x00000000eb680000)
  from space 4096K, 18% used [0x00000000eb680000,0x00000000eb73b1e0,0x00000000eba80000)
  to   space 3584K, 0% used [0x00000000ebb00000,0x00000000ebb00000,0x00000000ebe80000)
 ParOldGen       total 260608K, used 10677K [0x00000000c0000000, 0x00000000cfe80000, 0x00000000eab00000)
  object space 260608K, 4% used [0x00000000c0000000,0x00000000c0a6d458,0x00000000cfe80000)
 Metaspace       used 6963K, capacity 7608K, committed 7680K, reserved 1056768K
  class space    used 722K, capacity 752K, committed 768K, reserved 1048576K
Event: 4.474 GC heap after
Heap after GC invocations=14 (full 0):
 PSYoungGen      total 15360K, used 2176K [0x00000000eab00000, 0x00000000ebe80000, 0x0000000100000000)
  eden space 11776K, 0% used [0x00000000eab00000,0x00000000eab00000,0x00000000eb680000)
  from space 3584K, 60% used [0x00000000ebb00000,0x00000000ebd20190,0x00000000ebe80000)
  to   space 4096K, 0% used [0x00000000eb680000,0x00000000eb680000,0x00000000eba80000)
 ParOldGen       total 260608K, used 10693K [0x00000000c0000000, 0x00000000cfe80000, 0x00000000eab00000)
  object space 260608K, 4% used [0x00000000c0000000,0x00000000c0a71458,0x00000000cfe80000)
 Metaspace       used 6963K, capacity 7608K, committed 7680K, reserved 1056768K
  class space    used 722K, capacity 752K, committed 768K, reserved 1048576K
}

